                Game of the Rope - Description of the internal state
Ref Coa 1 Cont 1 Cont 2 Cont 3 Cont 4 Cont 5 Coa 2 Cont 1 Cont 2 Cont 3 Cont 4 Cont 5       Trial        
Sta  Stat Sta SG Sta SG Sta SG Sta SG Sta SG  Stat Sta SG Sta SG Sta SG Sta SG Sta SG 3 2 1 . 1 2 3 NB PS
001   001 001  8 001  6 001  8 001  7 001  9   001 001  8 001 10 001  9 001  9 001  7 - - - . - - - -  -
Game 1
Ref Coa 1 Cont 1 Cont 2 Cont 3 Cont 4 Cont 5 Coa 2 Cont 1 Cont 2 Cont 3 Cont 4 Cont 5       Trial        
Sta  Stat Sta SG Sta SG Sta SG Sta SG Sta SG  Stat Sta SG Sta SG Sta SG Sta SG Sta SG 3 2 1 . 1 2 3 NB PS
002   001 001  8 001  6 001  8 001  7 001  9   001 001  8 001 10 001  9 001  9 001  7 - - - . - - - -  -
003   001 001  8 001  6 001  8 001  7 001  9   001 001  8 001 10 001  9 001  9 001  7 - - - . - - - -  -
003   001 001  8 001  6 001  8 001  7 001  9   002 001  8 001 10 001  9 001  9 001  7 - - - . - - - -  -
003   001 001  8 001  6 001  8 001  7 001  9   002 001  9 001 10 001  9 001  9 001  7 - - - . - - - -  -
003   001 001  8 001  6 001  8 001  7 001  9   002 001  9 001 10 001  9 001  9 001  8 - - - . - - - -  -
003   002 001  8 001  6 001  8 001  7 001  9   002 001  9 001 10 001  9 001  9 001  8 - - - . - - - -  -
003   002 001  8 001  7 001  8 001  7 001  9   002 001  9 001 10 001  9 001  9 001  8 - - - . - - - -  -
003   002 001  8 001  7 001  8 001  8 001  9   002 001  9 001 10 001  9 001  9 001  8 - - - . - - - -  -
003   002 001  8 001  7 002  8 001  8 001  9   002 001  9 001 10 001  9 001  9 001  8 - - - . 2 - - -  -
003   002 001  8 001  7 002  8 001  8 002  9   002 001  9 001 10 001  9 001  9 001  8 - - - . 2 4 - -  -
003   002 001  8 001  7 002  8 001  8 002  9   002 001  9 002 10 001  9 001  9 001  8 6 - - . 2 4 - -  -
003   002 001  8 001  7 002  8 001  8 002  9   002 001  9 002 10 002  9 001  9 001  8 6 7 - . 2 4 - -  -
003   002 001  8 001  7 002  8 001  8 002  9   002 001  9 002 10 002  9 002  9 001  8 6 7 8 . 2 4 - -  -
003   002 002  8 001  7 002  8 001  8 002  9   002 001  9 002 10 002  9 002  9 001  8 6 7 8 . 2 4 0 -  -
003   003 002  8 001  7 002  8 001  8 002  9   002 001  9 002 10 002  9 002  9 001  8 6 7 8 . 2 4 0 -  -
003   003 002  8 001  7 002  8 001  8 002  9   003 001  9 002 10 002  9 002  9 001  8 6 7 8 . 2 4 0 -  -
003   003 002  8 001  7 002  8 001  8 002  9   003 001  9 002 10 002  9 002  9 001  8 6 7 8 . 2 4 0 -  -
004   003 002  8 001  7 002  8 001  8 002  9   003 001  9 002 10 002  9 002  9 001  8 6 7 8 . 2 4 0 1  0
004   003 002  8 001  7 002  8 001  8 002  9   003 001  9 002 10 002  9 003  9 001  8 6 7 8 . 2 4 0 1  0
004   003 002  8 001  7 002  8 001  8 002  9   003 001  9 002 10 003  9 003  9 001  8 6 7 8 . 2 4 0 1  0
004   003 002  8 001  7 002  8 001  8 002  9   003 001  9 003 10 003  9 003  9 001  8 6 7 8 . 2 4 0 1  0
004   003 002  8 001  7 002  8 001  8 003  9   003 001  9 003 10 003  9 003  9 001  8 6 7 8 . 2 4 0 1  0
004   003 002  8 001  7 003  8 001  8 003  9   003 001  9 003 10 003  9 003  9 001  8 6 7 8 . 2 4 0 1  0
004   003 003  8 001  7 003  8 001  8 003  9   003 001  9 003 10 003  9 003  9 001  8 6 7 8 . 2 4 0 1  0
004   003 003  8 001  7 003  8 001  8 003  9   003 001  9 003 10 003  9 003  9 001  8 6 7 8 . 2 4 0 1  3
004   003 001  7 001  7 003  8 001  8 003  9   003 001  9 003 10 003  9 003  9 001  8 6 7 8 . 2 4 - 1  3
004   001 001  7 001  7 003  8 001  8 003  9   003 001  9 003 10 003  9 003  9 001  8 6 7 8 . 2 4 - 1  3
004   001 001  7 001  7 003  8 001  8 003  9   003 001  9 001  9 003  9 003  9 001  8 7 8 - . 2 4 - 1  3
004   001 001  7 001  7 003  8 001  8 003  9   001 001  9 001  9 003  9 003  9 001  8 7 8 - . 2 4 - 1  3
004   001 001  7 001  7 003  8 001  8 003  9   001 001  9 001  9 001  8 003  9 001  8 8 - - . 2 4 - 1  3
004   001 001  7 001  7 003  8 001  8 003  9   001 001  9 001  9 001  8 001  8 001  8 - - - . 2 4 - 1  3
004   001 001  7 001  7 001  7 001  8 003  9   001 001  9 001  9 001  8 001  8 001  8 - - - . 4 - - 1  3
004   001 001  7 001  7 001  7 001  8 001  8   001 001  9 001  9 001  8 001  8 001  8 - - - . - - - 1  3
003   001 001  7 001  7 001  7 001  8 001  8   001 001  9 001  9 001  8 001  8 001  8 - - - . - - - -  -
003   001 001  7 001  7 001  7 001  8 001  8   002 001  9 001  9 001  8 001  8 001  8 - - - . - - - -  -
003   001 001  7 001  7 001  7 001  8 001  8   002 001  9 001  9 001  8 001  9 001  8 - - - . - - - -  -
003   001 001  7 001  7 001  7 001  8 001  8   002 001  9 001  9 001  8 001  9 001  9 - - - . - - - -  -
003   002 001  7 001  7 001  7 001  8 001  8   002 001  9 001  9 001  8 001  9 001  9 - - - . - - - -  -
003   002 001  7 001  8 001  7 001  8 001  8   002 001  9 001  9 001  8 001  9 001  9 - - - . - - - -  -
003   002 001  7 001  8 001  7 001  9 001  8   002 001  9 001  9 001  8 001  9 001  9 - - - . - - - -  -
003   002 001  7 001  8 001  7 001  9 001  8   002 002  9 001  9 001  8 001  9 001  9 5 - - . - - - -  -
003   002 002  7 001  8 001  7 001  9 001  8   002 002  9 001  9 001  8 001  9 001  9 5 - - . 0 - - -  -
003   002 002  7 001  8 001  7 001  9 001  8   002 002  9 002  9 001  8 001  9 001  9 5 6 - . 0 - - -  -
003   002 002  7 001  8 001  7 001  9 001  8   002 002  9 002  9 002  8 001  9 001  9 5 6 7 . 0 - - -  -
003   002 002  7 001  8 002  7 001  9 001  8   002 002  9 002  9 002  8 001  9 001  9 5 6 7 . 0 2 - -  -
003   002 002  7 001  8 002  7 001  9 002  8   002 002  9 002  9 002  8 001  9 001  9 5 6 7 . 0 2 4 -  -
003   003 002  7 001  8 002  7 001  9 002  8   002 002  9 002  9 002  8 001  9 001  9 5 6 7 . 0 2 4 -  -
003   003 002  7 001  8 002  7 001  9 002  8   003 002  9 002  9 002  8 001  9 001  9 5 6 7 . 0 2 4 -  -
003   003 002  7 001  8 002  7 001  9 002  8   003 002  9 002  9 002  8 001  9 001  9 5 6 7 . 0 2 4 -  -
004   003 002  7 001  8 002  7 001  9 002  8   003 002  9 002  9 002  8 001  9 001  9 5 6 7 . 0 2 4 2  3
004   003 002  7 001  8 003  7 001  9 002  8   003 002  9 002  9 002  8 001  9 001  9 5 6 7 . 0 2 4 2  3
004   003 002  7 001  8 003  7 001  9 002  8   003 002  9 002  9 003  8 001  9 001  9 5 6 7 . 0 2 4 2  3
004   003 002  7 001  8 003  7 001  9 002  8   003 002  9 003  9 003  8 001  9 001  9 5 6 7 . 0 2 4 2  3
004   003 003  7 001  8 003  7 001  9 002  8   003 002  9 003  9 003  8 001  9 001  9 5 6 7 . 0 2 4 2  3
004   003 003  7 001  8 003  7 001  9 002  8   003 003  9 003  9 003  8 001  9 001  9 5 6 7 . 0 2 4 2  3
004   003 003  7 001  8 003  7 001  9 003  8   003 003  9 003  9 003  8 001  9 001  9 5 6 7 . 0 2 4 2  3
004   003 003  7 001  8 003  7 001  9 003  8   003 003  9 003  9 003  8 001  9 001  9 5 6 7 . 0 2 4 2  7
004   003 003  7 001  8 003  7 001  9 003  8   003 003  9 003  9 003  8 001  9 001  9 5 6 7 . 0 2 4 2  7
004   001 003  7 001  8 003  7 001  9 003  8   003 003  9 003  9 003  8 001  9 001  9 5 6 7 . 0 2 4 2  7
004   001 003  7 001  8 003  7 001  9 003  8   003 003  9 001  8 003  8 001  9 001  9 5 7 - . 0 2 4 2  7
004   001 003  7 001  8 003  7 001  9 003  8   001 003  9 001  8 003  8 001  9 001  9 5 7 - . 0 2 4 2  7
004   001 001  6 001  8 003  7 001  9 003  8   001 003  9 001  8 003  8 001  9 001  9 5 7 - . 2 4 - 2  7
004   001 001  6 001  8 003  7 001  9 003  8   001 001  8 001  8 003  8 001  9 001  9 7 - - . 2 4 - 2  7
004   001 001  6 001  8 003  7 001  9 003  8   001 001  8 001  8 001  7 001  9 001  9 - - - . 2 4 - 2  7
004   001 001  6 001  8 003  7 001  9 001  7   001 001  8 001  8 001  7 001  9 001  9 - - - . 2 - - 2  7
004   001 001  6 001  8 001  6 001  9 001  7   001 001  8 001  8 001  7 001  9 001  9 - - - . - - - 2  7
005   001 001  6 001  8 001  6 001  9 001  7   001 001  8 001  8 001  7 001  9 001  9 - - - . - - - -  -
Game 1 was won by team 1 by knock out in 2 trials.
Game 2
Ref Coa 1 Cont 1 Cont 2 Cont 3 Cont 4 Cont 5 Coa 2 Cont 1 Cont 2 Cont 3 Cont 4 Cont 5       Trial        
Sta  Stat Sta SG Sta SG Sta SG Sta SG Sta SG  Stat Sta SG Sta SG Sta SG Sta SG Sta SG 3 2 1 . 1 2 3 NB PS
002   001 001  6 001  8 001  6 001  9 001  7   001 001  8 001  8 001  7 001  9 001  9 - - - . - - - -  -
003   001 001  6 001  8 001  6 001  9 001  7   001 001  8 001  8 001  7 001  9 001  9 - - - . - - - -  -
003   001 001  6 001  8 001  6 001  9 001  7   002 001  8 001  8 001  7 001  9 001  9 - - - . - - - -  -
003   001 001  6 001  8 001  6 001  9 001  7   002 001  8 001  9 001  7 001  9 001  9 - - - . - - - -  -
003   001 001  6 001  8 001  6 001  9 001  7   002 001  8 001  9 001  7 001  9 001 10 - - - . - - - -  -
003   001 001  6 001  8 001  6 001  9 001  7   002 001  8 001  9 001  7 002  9 001 10 8 - - . - - - -  -
003   002 001  6 001  8 001  6 001  9 001  7   002 001  8 001  9 001  7 002  9 001 10 8 - - . - - - -  -
003   002 001  7 001  8 001  6 001  9 001  7   002 001  8 001  9 001  7 002  9 001 10 8 - - . - - - -  -
003   002 001  7 001  8 001  6 001  9 001  8   002 001  8 001  9 001  7 002  9 001 10 8 - - . - - - -  -
003   002 001  7 001  8 001  6 001  9 001  8   002 002  8 001  9 001  7 002  9 001 10 8 5 - . - - - -  -
003   002 001  7 001  8 001  6 001  9 001  8   002 002  8 001  9 002  7 002  9 001 10 8 5 7 . - - - -  -
003   002 001  7 002  8 001  6 001  9 001  8   002 002  8 001  9 002  7 002  9 001 10 8 5 7 . 1 - - -  -
003   002 001  7 002  8 001  6 002  9 001  8   002 002  8 001  9 002  7 002  9 001 10 8 5 7 . 1 3 - -  -
003   002 001  7 002  8 002  6 002  9 001  8   002 002  8 001  9 002  7 002  9 001 10 8 5 7 . 1 3 2 -  -
003   003 001  7 002  8 002  6 002  9 001  8   002 002  8 001  9 002  7 002  9 001 10 8 5 7 . 1 3 2 -  -
003   003 001  7 002  8 002  6 002  9 001  8   003 002  8 001  9 002  7 002  9 001 10 8 5 7 . 1 3 2 -  -
003   003 001  7 002  8 002  6 002  9 001  8   003 002  8 001  9 002  7 002  9 001 10 8 5 7 . 1 3 2 -  -
003   003 001  7 002  8 002  6 002  9 001  8   003 002  8 001  9 002  7 002  9 001 10 8 5 7 . 1 3 2 -  -
004   003 001  7 002  8 002  6 002  9 001  8   003 002  8 001  9 002  7 002  9 001 10 8 5 7 . 1 3 2 1  0
004   003 001  7 002  8 002  6 003  9 001  8   003 002  8 001  9 002  7 002  9 001 10 8 5 7 . 1 3 2 1  0
004   003 001  7 003  8 002  6 003  9 001  8   003 002  8 001  9 002  7 002  9 001 10 8 5 7 . 1 3 2 1  0
004   003 001  7 003  8 002  6 003  9 001  8   003 002  8 001  9 003  7 002  9 001 10 8 5 7 . 1 3 2 1  0
004   003 001  7 003  8 002  6 003  9 001  8   003 003  8 001  9 003  7 002  9 001 10 8 5 7 . 1 3 2 1  0
004   003 001  7 003  8 002  6 003  9 001  8   003 003  8 001  9 003  7 003  9 001 10 8 5 7 . 1 3 2 1  0
004   003 001  7 003  8 003  6 003  9 001  8   003 003  8 001  9 003  7 003  9 001 10 8 5 7 . 1 3 2 1  0
004   003 001  7 003  8 003  6 003  9 001  8   003 003  8 001  9 003  7 003  9 001 10 8 5 7 . 1 3 2 1  1
004   003 001  7 003  8 003  6 003  9 001  8   003 001  7 001  9 003  7 003  9 001 10 8 7 - . 1 3 2 1  1
004   003 001  7 003  8 003  6 001  8 001  8   003 001  7 001  9 003  7 003  9 001 10 8 7 - . 1 2 - 1  1
004   001 001  7 003  8 003  6 001  8 001  8   003 001  7 001  9 003  7 003  9 001 10 8 7 - . 1 2 - 1  1
004   001 001  7 003  8 003  6 001  8 001  8   003 001  7 001  9 003  7 001  8 001 10 7 - - . 1 2 - 1  1
004   001 001  7 003  8 003  6 001  8 001  8   001 001  7 001  9 003  7 001  8 001 10 7 - - . 1 2 - 1  1
004   001 001  7 003  8 003  6 001  8 001  8   001 001  7 001  9 001  6 001  8 001 10 - - - . 1 2 - 1  1
004   001 001  7 001  7 003  6 001  8 001  8   001 001  7 001  9 001  6 001  8 001 10 - - - . 2 - - 1  1
004   001 001  7 001  7 001  6 001  8 001  8   001 001  7 001  9 001  6 001  8 001 10 - - - . - - - 1  1
003   001 001  7 001  7 001  6 001  8 001  8   001 001  7 001  9 001  6 001  8 001 10 - - - . - - - -  -
003   001 001  7 001  7 001  6 001  8 001  8   002 001  7 001  9 001  6 001  8 001 10 - - - . - - - -  -
003   001 001  7 001  7 001  6 001  8 001  8   002 001  8 001  9 001  6 001  8 001 10 - - - . - - - -  -
003   001 001  7 001  7 001  6 001  8 001  8   002 001  8 001  9 001  6 001  9 001 10 - - - . - - - -  -
003   002 001  7 001  7 001  6 001  8 001  8   002 001  8 001  9 001  6 001  9 001 10 - - - . - - - -  -
003   002 001  8 001  7 001  6 001  8 001  8   002 001  8 001  9 001  6 001  9 001 10 - - - . - - - -  -
003   002 001  8 001  7 001  6 001  8 001  9   002 001  8 001  9 001  6 001  9 001 10 - - - . - - - -  -
003   002 001  8 001  7 001  6 001  8 001  9   002 001  8 002  9 001  6 001  9 001 10 6 - - . - - - -  -
003   002 001  8 001  7 001  6 001  8 001  9   002 001  8 002  9 001  6 001  9 002 10 6 9 - . - - - -  -
003   002 001  8 001  7 001  6 002  8 001  9   002 001  8 002  9 001  6 001  9 002 10 6 9 - . 3 - - -  -
003   002 001  8 002  7 001  6 002  8 001  9   002 001  8 002  9 001  6 001  9 002 10 6 9 - . 3 1 - -  -
003   002 001  8 002  7 002  6 002  8 001  9   002 001  8 002  9 001  6 001  9 002 10 6 9 - . 3 1 2 -  -
003   002 001  8 002  7 002  6 002  8 001  9   002 001  8 002  9 002  6 001  9 002 10 6 9 7 . 3 1 2 -  -
003   003 001  8 002  7 002  6 002  8 001  9   002 001  8 002  9 002  6 001  9 002 10 6 9 7 . 3 1 2 -  -
003   003 001  8 002  7 002  6 002  8 001  9   003 001  8 002  9 002  6 001  9 002 10 6 9 7 . 3 1 2 -  -
003   003 001  8 002  7 002  6 002  8 001  9   003 001  8 002  9 002  6 001  9 002 10 6 9 7 . 3 1 2 -  -
004   003 001  8 002  7 002  6 002  8 001  9   003 001  8 002  9 002  6 001  9 002 10 6 9 7 . 3 1 2 2  1
004   003 001  8 002  7 002  6 002  8 001  9   003 001  8 002  9 003  6 001  9 002 10 6 9 7 . 3 1 2 2  1
004   003 001  8 002  7 003  6 002  8 001  9   003 001  8 002  9 003  6 001  9 002 10 6 9 7 . 3 1 2 2  1
004   003 001  8 003  7 003  6 002  8 001  9   003 001  8 002  9 003  6 001  9 002 10 6 9 7 . 3 1 2 2  1
004   003 001  8 003  7 003  6 003  8 001  9   003 001  8 002  9 003  6 001  9 002 10 6 9 7 . 3 1 2 2  1
004   003 001  8 003  7 003  6 003  8 001  9   003 001  8 002  9 003  6 001  9 003 10 6 9 7 . 3 1 2 2  1
004   003 001  8 003  7 003  6 003  8 001  9   003 001  8 003  9 003  6 001  9 003 10 6 9 7 . 3 1 2 2  1
004   003 001  8 003  7 003  6 003  8 001  9   003 001  8 003  9 003  6 001  9 003 10 6 9 7 . 3 1 2 2  5
004   003 001  8 003  7 003  6 003  8 001  9   003 001  8 003  9 003  6 001  9 003 10 6 9 7 . 3 1 2 2  5
004   001 001  8 003  7 003  6 003  8 001  9   003 001  8 003  9 003  6 001  9 003 10 6 9 7 . 3 1 2 2  5
004   001 001  8 003  7 003  6 001  7 001  9   003 001  8 003  9 003  6 001  9 003 10 6 9 7 . 1 2 - 2  5
004   001 001  8 003  7 003  6 001  7 001  9   001 001  8 003  9 003  6 001  9 003 10 6 9 7 . 1 2 - 2  5
004   001 001  8 003  7 003  6 001  7 001  9   001 001  8 003  9 001  6 001  9 003 10 6 9 - . 1 2 - 2  5
004   001 001  8 003  7 001  6 001  7 001  9   001 001  8 003  9 001  6 001  9 003 10 6 9 - . 1 - - 2  5
004   001 001  8 003  7 001  6 001  7 001  9   001 001  8 001  8 001  6 001  9 003 10 9 - - . 1 - - 2  5
004   001 001  8 001  6 001  6 001  7 001  9   001 001  8 001  8 001  6 001  9 003 10 9 - - . - - - 2  5
004   001 001  8 001  6 001  6 001  7 001  9   001 001  8 001  8 001  6 001  9 001  9 - - - . - - - 2  5
005   001 001  8 001  6 001  6 001  7 001  9   001 001  8 001  8 001  6 001  9 001  9 - - - . - - - -  -
Game 2 was won by team 1 by knock out in 2 trials.
Game 3
Ref Coa 1 Cont 1 Cont 2 Cont 3 Cont 4 Cont 5 Coa 2 Cont 1 Cont 2 Cont 3 Cont 4 Cont 5       Trial        
Sta  Stat Sta SG Sta SG Sta SG Sta SG Sta SG  Stat Sta SG Sta SG Sta SG Sta SG Sta SG 3 2 1 . 1 2 3 NB PS
002   001 001  8 001  6 001  6 001  7 001  9   001 001  8 001  8 001  6 001  9 001  9 - - - . - - - -  -
003   001 001  8 001  6 001  6 001  7 001  9   001 001  8 001  8 001  6 001  9 001  9 - - - . - - - -  -
003   001 001  8 001  6 001  6 001  7 001  9   002 001  8 001  8 001  6 001  9 001  9 - - - . - - - -  -
003   001 001  8 001  6 001  6 001  7 001  9   002 001  9 001  8 001  6 001  9 001  9 - - - . - - - -  -
003   001 001  8 001  6 001  6 001  7 001  9   002 001  9 001  8 001  6 001 10 001  9 - - - . - - - -  -
003   002 001  8 001  6 001  6 001  7 001  9   002 001  9 001  8 001  6 001 10 001  9 - - - . - - - -  -
003   002 001  8 001  7 001  6 001  7 001  9   002 001  9 001  8 001  6 001 10 001  9 - - - . - - - -  -
003   002 001  8 001  7 001  6 001  8 001  9   002 001  9 001  8 001  6 001 10 001  9 - - - . - - - -  -
003   002 001  8 001  7 001  6 001  8 001  9   002 001  9 001  8 002  6 001 10 001  9 7 - - . - - - -  -
003   002 001  8 001  7 002  6 001  8 001  9   002 001  9 001  8 002  6 001 10 001  9 7 - - . 2 - - -  -
003   002 001  8 001  7 002  6 001  8 001  9   002 001  9 002  8 002  6 001 10 001  9 7 6 - . 2 - - -  -
003   002 001  8 001  7 002  6 001  8 002  9   002 001  9 002  8 002  6 001 10 001  9 7 6 - . 2 4 - -  -
003   002 002  8 001  7 002  6 001  8 002  9   002 001  9 002  8 002  6 001 10 001  9 7 6 - . 2 4 0 -  -
003   002 002  8 001  7 002  6 001  8 002  9   002 001  9 002  8 002  6 001 10 002  9 7 6 9 . 2 4 0 -  -
003   003 002  8 001  7 002  6 001  8 002  9   002 001  9 002  8 002  6 001 10 002  9 7 6 9 . 2 4 0 -  -
003   003 002  8 001  7 002  6 001  8 002  9   003 001  9 002  8 002  6 001 10 002  9 7 6 9 . 2 4 0 -  -
003   003 002  8 001  7 002  6 001  8 002  9   003 001  9 002  8 002  6 001 10 002  9 7 6 9 . 2 4 0 -  -
003   003 002  8 001  7 002  6 001  8 002  9   003 001  9 002  8 002  6 001 10 002  9 7 6 9 . 2 4 0 -  -
004   003 002  8 001  7 002  6 001  8 002  9   003 001  9 002  8 002  6 001 10 002  9 7 6 9 . 2 4 0 1  0
004   003 003  8 001  7 002  6 001  8 002  9   003 001  9 002  8 002  6 001 10 002  9 7 6 9 . 2 4 0 1  0
004   003 003  8 001  7 002  6 001  8 003  9   003 001  9 002  8 002  6 001 10 002  9 7 6 9 . 2 4 0 1  0
004   003 003  8 001  7 002  6 001  8 003  9   003 001  9 003  8 002  6 001 10 002  9 7 6 9 . 2 4 0 1  0
004   003 003  8 001  7 003  6 001  8 003  9   003 001  9 003  8 002  6 001 10 002  9 7 6 9 . 2 4 0 1  0
004   003 003  8 001  7 003  6 001  8 003  9   003 001  9 003  8 003  6 001 10 002  9 7 6 9 . 2 4 0 1  0
004   003 003  8 001  7 003  6 001  8 003  9   003 001  9 003  8 003  6 001 10 003  9 7 6 9 . 2 4 0 1  0
004   003 003  8 001  7 003  6 001  8 003  9   003 001  9 003  8 003  6 001 10 003  9 7 6 9 . 2 4 0 1  0
004   003 003  8 001  7 003  6 001  8 003  9   003 001  9 001  7 003  6 001 10 003  9 7 9 - . 2 4 0 1  0
004   001 003  8 001  7 003  6 001  8 003  9   003 001  9 001  7 003  6 001 10 003  9 7 9 - . 2 4 0 1  0
004   001 001  7 001  7 003  6 001  8 003  9   003 001  9 001  7 003  6 001 10 003  9 7 9 - . 2 4 - 1  0
004   001 001  7 001  7 003  6 001  8 003  9   001 001  9 001  7 003  6 001 10 003  9 7 9 - . 2 4 - 1  0
004   001 001  7 001  7 003  6 001  8 001  8   001 001  9 001  7 003  6 001 10 003  9 7 9 - . 2 - - 1  0
004   001 001  7 001  7 003  6 001  8 001  8   001 001  9 001  7 003  6 001 10 001  8 7 - - . 2 - - 1  0
004   001 001  7 001  7 001  6 001  8 001  8   001 001  9 001  7 003  6 001 10 001  8 7 - - . - - - 1  0
004   001 001  7 001  7 001  6 001  8 001  8   001 001  9 001  7 001  6 001 10 001  8 - - - . - - - 1  0
003   001 001  7 001  7 001  6 001  8 001  8   001 001  9 001  7 001  6 001 10 001  8 - - - . - - - -  -
003   001 001  7 001  7 001  6 001  8 001  8   002 001  9 001  7 001  6 001 10 001  8 - - - . - - - -  -
003   001 001  7 001  7 001  6 001  8 001  8   002 001  9 001  8 001  6 001 10 001  8 - - - . - - - -  -
003   001 001  7 001  7 001  6 001  8 001  8   002 001  9 001  8 001  6 001 10 001  9 - - - . - - - -  -
003   002 001  7 001  7 001  6 001  8 001  8   002 001  9 001  8 001  6 001 10 001  9 - - - . - - - -  -
003   002 001  8 001  7 001  6 001  8 001  8   002 001  9 001  8 001  6 001 10 001  9 - - - . - - - -  -
003   002 001  8 001  8 001  6 001  8 001  8   002 001  9 001  8 001  6 001 10 001  9 - - - . - - - -  -
003   002 001  8 001  8 001  6 002  8 001  8   002 001  9 001  8 001  6 001 10 001  9 - - - . 3 - - -  -
003   002 001  8 001  8 001  6 002  8 001  8   002 001  9 001  8 001  6 002 10 001  9 8 - - . 3 - - -  -
003   002 001  8 001  8 001  6 002  8 001  8   002 002  9 001  8 001  6 002 10 001  9 8 5 - . 3 - - -  -
003   002 001  8 001  8 001  6 002  8 002  8   002 002  9 001  8 001  6 002 10 001  9 8 5 - . 3 4 - -  -
003   002 001  8 001  8 002  6 002  8 002  8   002 002  9 001  8 001  6 002 10 001  9 8 5 - . 3 4 2 -  -
003   002 001  8 001  8 002  6 002  8 002  8   002 002  9 001  8 002  6 002 10 001  9 8 5 7 . 3 4 2 -  -
003   003 001  8 001  8 002  6 002  8 002  8   002 002  9 001  8 002  6 002 10 001  9 8 5 7 . 3 4 2 -  -
003   003 001  8 001  8 002  6 002  8 002  8   003 002  9 001  8 002  6 002 10 001  9 8 5 7 . 3 4 2 -  -
003   003 001  8 001  8 002  6 002  8 002  8   003 002  9 001  8 002  6 002 10 001  9 8 5 7 . 3 4 2 -  -
004   003 001  8 001  8 002  6 002  8 002  8   003 002  9 001  8 002  6 002 10 001  9 8 5 7 . 3 4 2 2  0
004   003 001  8 001  8 003  6 002  8 002  8   003 002  9 001  8 002  6 002 10 001  9 8 5 7 . 3 4 2 2  0
004   003 001  8 001  8 003  6 002  8 003  8   003 002  9 001  8 002  6 002 10 001  9 8 5 7 . 3 4 2 2  0
004   003 001  8 001  8 003  6 002  8 003  8   003 003  9 001  8 002  6 002 10 001  9 8 5 7 . 3 4 2 2  0
004   003 001  8 001  8 003  6 002  8 003  8   003 003  9 001  8 002  6 003 10 001  9 8 5 7 . 3 4 2 2  0
004   003 001  8 001  8 003  6 003  8 003  8   003 003  9 001  8 002  6 003 10 001  9 8 5 7 . 3 4 2 2  0
004   003 001  8 001  8 003  6 003  8 003  8   003 003  9 001  8 003  6 003 10 001  9 8 5 7 . 3 4 2 2  0
004   003 001  8 001  8 003  6 003  8 003  8   003 003  9 001  8 003  6 003 10 001  9 8 5 7 . 3 4 2 2  3
004   003 001  8 001  8 003  6 003  8 003  8   003 001  8 001  8 003  6 003 10 001  9 8 7 - . 3 4 2 2  3
004   001 001  8 001  8 003  6 003  8 003  8   003 001  8 001  8 003  6 003 10 001  9 8 7 - . 3 4 2 2  3
004   001 001  8 001  8 001  6 003  8 003  8   003 001  8 001  8 003  6 003 10 001  9 8 7 - . 3 4 - 2  3
004   001 001  8 001  8 001  6 003  8 003  8   001 001  8 001  8 003  6 003 10 001  9 8 7 - . 3 4 - 2  3
004   001 001  8 001  8 001  6 003  8 003  8   001 001  8 001  8 001  6 003 10 001  9 8 - - . 3 4 - 2  3
004   001 001  8 001  8 001  6 003  8 001  7   001 001  8 001  8 001  6 003 10 001  9 8 - - . 3 - - 2  3
004   001 001  8 001  8 001  6 003  8 001  7   001 001  8 001  8 001  6 001  9 001  9 - - - . 3 - - 2  3
004   001 001  8 001  8 001  6 001  7 001  7   001 001  8 001  8 001  6 001  9 001  9 - - - . - - - 2  3
003   001 001  8 001  8 001  6 001  7 001  7   001 001  8 001  8 001  6 001  9 001  9 - - - . - - - -  -
003   001 001  8 001  8 001  6 001  7 001  7   002 001  8 001  8 001  6 001  9 001  9 - - - . - - - -  -
003   001 001  8 001  8 001  6 001  7 001  7   002 001  9 001  8 001  6 001  9 001  9 - - - . - - - -  -
003   001 001  8 001  8 001  6 001  7 001  7   002 001  9 001  9 001  6 001  9 001  9 - - - . - - - -  -
003   002 001  8 001  8 001  6 001  7 001  7   002 001  9 001  9 001  6 001  9 001  9 - - - . - - - -  -
003   002 001  8 001  8 001  6 001  8 001  7   002 001  9 001  9 001  6 001  9 001  9 - - - . - - - -  -
003   002 001  8 001  8 001  6 001  8 001  8   002 001  9 001  9 001  6 001  9 001  9 - - - . - - - -  -
003   002 002  8 001  8 001  6 001  8 001  8   002 001  9 001  9 001  6 001  9 001  9 - - - . 0 - - -  -
003   002 002  8 001  8 001  6 001  8 001  8   002 001  9 001  9 001  6 001  9 002  9 9 - - . 0 - - -  -
003   002 002  8 002  8 001  6 001  8 001  8   002 001  9 001  9 001  6 001  9 002  9 9 - - . 0 1 - -  -
003   002 002  8 002  8 002  6 001  8 001  8   002 001  9 001  9 001  6 001  9 002  9 9 - - . 0 1 2 -  -
003   002 002  8 002  8 002  6 001  8 001  8   002 001  9 001  9 002  6 001  9 002  9 9 7 - . 0 1 2 -  -
003   002 002  8 002  8 002  6 001  8 001  8   002 001  9 001  9 002  6 002  9 002  9 9 7 8 . 0 1 2 -  -
003   003 002  8 002  8 002  6 001  8 001  8   002 001  9 001  9 002  6 002  9 002  9 9 7 8 . 0 1 2 -  -
003   003 002  8 002  8 002  6 001  8 001  8   003 001  9 001  9 002  6 002  9 002  9 9 7 8 . 0 1 2 -  -
003   003 002  8 002  8 002  6 001  8 001  8   003 001  9 001  9 002  6 002  9 002  9 9 7 8 . 0 1 2 -  -
004   003 002  8 002  8 002  6 001  8 001  8   003 001  9 001  9 002  6 002  9 002  9 9 7 8 . 0 1 2 3  3
004   003 002  8 002  8 002  6 001  8 001  8   003 001  9 001  9 003  6 002  9 002  9 9 7 8 . 0 1 2 3  3
004   003 002  8 002  8 003  6 001  8 001  8   003 001  9 001  9 003  6 002  9 002  9 9 7 8 . 0 1 2 3  3
004   003 002  8 003  8 003  6 001  8 001  8   003 001  9 001  9 003  6 002  9 002  9 9 7 8 . 0 1 2 3  3
004   003 002  8 003  8 003  6 001  8 001  8   003 001  9 001  9 003  6 002  9 003  9 9 7 8 . 0 1 2 3  3
004   003 003  8 003  8 003  6 001  8 001  8   003 001  9 001  9 003  6 002  9 003  9 9 7 8 . 0 1 2 3  3
004   003 003  8 003  8 003  6 001  8 001  8   003 001  9 001  9 003  6 003  9 003  9 9 7 8 . 0 1 2 3  3
004   003 003  8 003  8 003  6 001  8 001  8   003 001  9 001  9 003  6 003  9 003  9 9 7 8 . 0 1 2 3  5
004   003 003  8 003  8 003  6 001  8 001  8   003 001  9 001  9 003  6 003  9 003  9 9 7 8 . 0 1 2 3  5
004   001 003  8 003  8 003  6 001  8 001  8   003 001  9 001  9 003  6 003  9 003  9 9 7 8 . 0 1 2 3  5
004   001 003  8 003  8 003  6 001  8 001  8   003 001  9 001  9 003  6 001  8 003  9 9 7 - . 0 1 2 3  5
004   001 003  8 003  8 003  6 001  8 001  8   001 001  9 001  9 003  6 001  8 003  9 9 7 - . 0 1 2 3  5
004   001 003  8 003  8 001  6 001  8 001  8   001 001  9 001  9 003  6 001  8 003  9 9 7 - . 0 1 - 3  5
004   001 003  8 003  8 001  6 001  8 001  8   001 001  9 001  9 003  6 001  8 001  8 7 - - . 0 1 - 3  5
004   001 003  8 001  7 001  6 001  8 001  8   001 001  9 001  9 003  6 001  8 001  8 7 - - . 0 - - 3  5
004   001 001  7 001  7 001  6 001  8 001  8   001 001  9 001  9 003  6 001  8 001  8 7 - - . - - - 3  5
004   001 001  7 001  7 001  6 001  8 001  8   001 001  9 001  9 001  6 001  8 001  8 - - - . - - - 3  5
005   001 001  7 001  7 001  6 001  8 001  8   001 001  9 001  9 001  6 001  8 001  8 - - - . - - - -  -
Game 3 was won by team 1 by knock out in 3 trials.
006   001 001  7 001  7 001  6 001  8 001  8   001 001  9 001  9 001  6 001  8 001  8 - - - . - - - -  -
Match was won by team 1 (0-3).
